# JRE version: OpenJDK Runtime Environment (8.0_312-b07) (build 1.8.0_312-b07)
# Java VM: OpenJDK 64-Bit Server VM (25.312-b07 mixed mode windows-amd64 compressed oops)
Heap:
 PSYoungGen      total 194560K, used 170892K [0x00000000d5580000, 0x00000000e4300000, 0x0000000100000000)
  eden space 173568K, 87% used [0x00000000d5580000,0x00000000de961500,0x00000000dff00000)
  from space 20992K, 92% used [0x00000000dff00000,0x00000000e1201b00,0x00000000e1380000)
  to   space 23552K, 0% used [0x00000000e2c00000,0x00000000e2c00000,0x00000000e4300000)
 ParOldGen       total 72192K, used 37390K [0x0000000080000000, 0x0000000084680000, 0x00000000d5580000)
  object space 72192K, 51% used [0x0000000080000000,0x0000000082483810,0x0000000084680000)
 Metaspace       used 76070K, capacity 79828K, committed 80128K, reserved 1120256K
  class space    used 10403K, capacity 11170K, committed 11264K, reserved 1048576K
GC Heap History (10 events):
Event: 35.399 GC heap before
{Heap before GC invocations=16 (full 2):
 PSYoungGen      total 149504K, used 140586K [0x00000000d5580000, 0x00000000e0780000, 0x0000000100000000)
  eden space 137728K, 93% used [0x00000000d5580000,0x00000000dd34e2d0,0x00000000ddc00000)
  from space 11776K, 99% used [0x00000000ddc00000,0x00000000de77c868,0x00000000de780000)
  to   space 15872K, 0% used [0x00000000df800000,0x00000000df800000,0x00000000e0780000)
 ParOldGen       total 72192K, used 22319K [0x0000000080000000, 0x0000000084680000, 0x00000000d5580000)
  object space 72192K, 30% used [0x0000000080000000,0x00000000815cbe10,0x0000000084680000)
 Metaspace       used 56485K, capacity 58888K, committed 59136K, reserved 1099776K
  class space    used 7881K, capacity 8417K, committed 8448K, reserved 1048576K
Event: 35.437 GC heap after
Heap after GC invocations=16 (full 2):
 PSYoungGen      total 164352K, used 14317K [0x00000000d5580000, 0x00000000e2480000, 0x0000000100000000)
  eden space 148480K, 0% used [0x00000000d5580000,0x00000000d5580000,0x00000000de680000)
  from space 15872K, 90% used [0x00000000df800000,0x00000000e05fb7f8,0x00000000e0780000)
  to   space 17920K, 0% used [0x00000000de680000,0x00000000de680000,0x00000000df800000)
 ParOldGen       total 72192K, used 29156K [0x0000000080000000, 0x0000000084680000, 0x00000000d5580000)
  object space 72192K, 40% used [0x0000000080000000,0x0000000081c79270,0x0000000084680000)
 Metaspace       used 56485K, capacity 58888K, committed 59136K, reserved 1099776K
  class space    used 7881K, capacity 8417K, committed 8448K, reserved 1048576K
}
Event: 35.437 GC heap before
{Heap before GC invocations=17 (full 3):
 PSYoungGen      total 164352K, used 14317K [0x00000000d5580000, 0x00000000e2480000, 0x0000000100000000)
  eden space 148480K, 0% used [0x00000000d5580000,0x00000000d5580000,0x00000000de680000)
  from space 15872K, 90% used [0x00000000df800000,0x00000000e05fb7f8,0x00000000e0780000)
  to   space 17920K, 0% used [0x00000000de680000,0x00000000de680000,0x00000000df800000)
 ParOldGen       total 72192K, used 29156K [0x0000000080000000, 0x0000000084680000, 0x00000000d5580000)
  object space 72192K, 40% used [0x0000000080000000,0x0000000081c79270,0x0000000084680000)
 Metaspace       used 56485K, capacity 58888K, committed 59136K, reserved 1099776K
  class space    used 7881K, capacity 8417K, committed 8448K, reserved 1048576K
Event: 35.839 GC heap after
Heap after GC invocations=17 (full 3):
 PSYoungGen      total 164352K, used 0K [0x00000000d5580000, 0x00000000e2480000, 0x0000000100000000)
  eden space 148480K, 0% used [0x00000000d5580000,0x00000000d5580000,0x00000000de680000)
  from space 15872K, 0% used [0x00000000df800000,0x00000000df800000,0x00000000e0780000)
  to   space 17920K, 0% used [0x00000000de680000,0x00000000de680000,0x00000000df800000)
 ParOldGen       total 72192K, used 37366K [0x0000000080000000, 0x0000000084680000, 0x00000000d5580000)
  object space 72192K, 51% used [0x0000000080000000,0x000000008247d810,0x0000000084680000)
 Metaspace       used 56444K, capacity 58750K, committed 59136K, reserved 1099776K
  class space    used 7868K, capacity 8394K, committed 8448K, reserved 1048576K
}
Event: 40.432 GC heap before
{Heap before GC invocations=18 (full 3):
 PSYoungGen      total 164352K, used 148480K [0x00000000d5580000, 0x00000000e2480000, 0x0000000100000000)
  eden space 148480K, 100% used [0x00000000d5580000,0x00000000de680000,0x00000000de680000)
  from space 15872K, 0% used [0x00000000df800000,0x00000000df800000,0x00000000e0780000)
  to   space 17920K, 0% used [0x00000000de680000,0x00000000de680000,0x00000000df800000)
 ParOldGen       total 72192K, used 37366K [0x0000000080000000, 0x0000000084680000, 0x00000000d5580000)
  object space 72192K, 51% used [0x0000000080000000,0x000000008247d810,0x0000000084680000)
 Metaspace       used 64174K, capacity 67276K, committed 67456K, reserved 1107968K
  class space    used 9116K, capacity 9768K, committed 9856K, reserved 1048576K
Event: 40.463 GC heap after
Heap after GC invocations=18 (full 3):
 PSYoungGen      total 166400K, used 14524K [0x00000000d5580000, 0x00000000e2a00000, 0x0000000100000000)
  eden space 148480K, 0% used [0x00000000d5580000,0x00000000d5580000,0x00000000de680000)
  from space 17920K, 81% used [0x00000000de680000,0x00000000df4af2c0,0x00000000df800000)
  to   space 19456K, 0% used [0x00000000e1700000,0x00000000e1700000,0x00000000e2a00000)
 ParOldGen       total 72192K, used 37374K [0x0000000080000000, 0x0000000084680000, 0x00000000d5580000)
  object space 72192K, 51% used [0x0000000080000000,0x000000008247f810,0x0000000084680000)
 Metaspace       used 64174K, capacity 67276K, committed 67456K, reserved 1107968K
  class space    used 9116K, capacity 9768K, committed 9856K, reserved 1048576K
}
Event: 451.502 GC heap before
{Heap before GC invocations=19 (full 3):
 PSYoungGen      total 166400K, used 163004K [0x00000000d5580000, 0x00000000e2a00000, 0x0000000100000000)
  eden space 148480K, 100% used [0x00000000d5580000,0x00000000de680000,0x00000000de680000)
  from space 17920K, 81% used [0x00000000de680000,0x00000000df4af2c0,0x00000000df800000)
  to   space 19456K, 0% used [0x00000000e1700000,0x00000000e1700000,0x00000000e2a00000)
 ParOldGen       total 72192K, used 37374K [0x0000000080000000, 0x0000000084680000, 0x00000000d5580000)
  object space 72192K, 51% used [0x0000000080000000,0x000000008247f810,0x0000000084680000)
 Metaspace       used 69451K, capacity 72784K, committed 73088K, reserved 1112064K
  class space    used 9568K, capacity 10276K, committed 10368K, reserved 1048576K
Event: 451.949 GC heap after
Heap after GC invocations=19 (full 3):
 PSYoungGen      total 190976K, used 16353K [0x00000000d5580000, 0x00000000e2800000, 0x0000000100000000)
  eden space 173568K, 0% used [0x00000000d5580000,0x00000000d5580000,0x00000000dff00000)
  from space 17408K, 93% used [0x00000000e1700000,0x00000000e26f85c8,0x00000000e2800000)
  to   space 20992K, 0% used [0x00000000dff00000,0x00000000dff00000,0x00000000e1380000)
 ParOldGen       total 72192K, used 37382K [0x0000000080000000, 0x0000000084680000, 0x00000000d5580000)
  object space 72192K, 51% used [0x0000000080000000,0x0000000082481810,0x0000000084680000)
 Metaspace       used 69451K, capacity 72784K, committed 73088K, reserved 1112064K
  class space    used 9568K, capacity 10276K, committed 10368K, reserved 1048576K
}
Event: 458.214 GC heap before
{Heap before GC invocations=20 (full 3):
 PSYoungGen      total 190976K, used 189920K [0x00000000d5580000, 0x00000000e2800000, 0x0000000100000000)
  eden space 173568K, 99% used [0x00000000d5580000,0x00000000dfeffc58,0x00000000dff00000)
  from space 17408K, 93% used [0x00000000e1700000,0x00000000e26f85c8,0x00000000e2800000)
  to   space 20992K, 0% used [0x00000000dff00000,0x00000000dff00000,0x00000000e1380000)
 ParOldGen       total 72192K, used 37382K [0x0000000080000000, 0x0000000084680000, 0x00000000d5580000)
  object space 72192K, 51% used [0x0000000080000000,0x0000000082481810,0x0000000084680000)
 Metaspace       used 70839K, capacity 74254K, committed 74496K, reserved 1114112K
  class space    used 9684K, capacity 10413K, committed 10496K, reserved 1048576K
Event: 458.324 GC heap after
Heap after GC invocations=20 (full 3):
 PSYoungGen      total 194560K, used 19462K [0x00000000d5580000, 0x00000000e4300000, 0x0000000100000000)
  eden space 173568K, 0% used [0x00000000d5580000,0x00000000d5580000,0x00000000dff00000)
  from space 20992K, 92% used [0x00000000dff00000,0x00000000e1201b00,0x00000000e1380000)
  to   space 23552K, 0% used [0x00000000e2c00000,0x00000000e2c00000,0x00000000e4300000)
 ParOldGen       total 72192K, used 37390K [0x0000000080000000, 0x0000000084680000, 0x00000000d5580000)
  object space 72192K, 51% used [0x0000000080000000,0x0000000082483810,0x0000000084680000)
 Metaspace       used 70839K, capacity 74254K, committed 74496K, reserved 1114112K
  class space    used 9684K, capacity 10413K, committed 10496K, reserved 1048576K
}

